This is pdfTeX, Version 3.14159265-2.6-1.40.21 (TeX Live 2020) (preloaded format=pdflatex 2020.4.7)  24 SEP 2020 16:01
entering extended mode
 restricted \write18 enabled.
 %&-line parsing enabled.
**aa_hw_2.tex
(./aa_hw_2.tex
LaTeX2e <2020-02-02> patch level 5
L3 programming layer <2020-03-06>
(/usr/local/texlive/2020/texmf-dist/tex/latex/base/article.cls
Document Class: article 2019/12/20 v1.4l Standard LaTeX document class
(/usr/local/texlive/2020/texmf-dist/tex/latex/base/size11.clo
File: size11.clo 2019/12/20 v1.4l Standard LaTeX file (size option)
)
\c@part=\count167
\c@section=\count168
\c@subsection=\count169
\c@subsubsection=\count170
\c@paragraph=\count171
\c@subparagraph=\count172
\c@figure=\count173
\c@table=\count174
\abovecaptionskip=\skip47
\belowcaptionskip=\skip48
\bibindent=\dimen134
)
(/usr/local/texlive/2020/texmf-dist/tex/latex/fancyhdr/fancyhdr.sty
Package: fancyhdr 2019/01/31 v3.10 Extensive control of page headers and footer
s
\f@nch@headwidth=\skip49
\f@nch@O@elh=\skip50
\f@nch@O@erh=\skip51
\f@nch@O@olh=\skip52
\f@nch@O@orh=\skip53
\f@nch@O@elf=\skip54
\f@nch@O@erf=\skip55
\f@nch@O@olf=\skip56
\f@nch@O@orf=\skip57
)
(/usr/local/texlive/2020/texmf-dist/tex/latex/geometry/geometry.sty
Package: geometry 2020/01/02 v5.9 Page Geometry

(/usr/local/texlive/2020/texmf-dist/tex/latex/graphics/keyval.sty
Package: keyval 2014/10/28 v1.15 key=value parser (DPC)
\KV@toks@=\toks15
)
(/usr/local/texlive/2020/texmf-dist/tex/generic/iftex/ifvtex.sty
Package: ifvtex 2019/10/25 v1.7 ifvtex legacy package. Use iftex instead.

(/usr/local/texlive/2020/texmf-dist/tex/generic/iftex/iftex.sty
Package: iftex 2020/03/06 v1.0d TeX engine tests
))
\Gm@cnth=\count175
\Gm@cntv=\count176
\c@Gm@tempcnt=\count177
\Gm@bindingoffset=\dimen135
\Gm@wd@mp=\dimen136
\Gm@odd@mp=\dimen137
\Gm@even@mp=\dimen138
\Gm@layoutwidth=\dimen139
\Gm@layoutheight=\dimen140
\Gm@layouthoffset=\dimen141
\Gm@layoutvoffset=\dimen142
\Gm@dimlist=\toks16
)
(/Users/alfredopzr/Library/texmf/tex/latex/ods/local/exam.sty
Package: exam 2015/05/07 Version 2.5 by Philip Hirschhorn

(/usr/local/texlive/2020/texmf-dist/tex/latex/base/ifthen.sty
Package: ifthen 2014/09/29 v1.1c Standard LaTeX ifthen package (DPC)
)
\@extrawidth=\skip58
\@rightmargin=\skip59
\@extrahead=\skip60
\@extrafoot=\skip61
\run@exhd=\skip62
\fp@exhd=\skip63
\run@exft=\skip64
\fp@exft=\skip65
\covrun@exhd=\skip66
\covfp@exhd=\skip67
\covrun@exft=\skip68
\covfp@exft=\skip69
\c@num@coverpages=\count178
\c@latest@ques=\count179
\c@ques@end=\count180
\c@last@object=\count181
\c@incmp@ques=\count182
\c@next@ques=\count183
\c@next@page=\count184
\c@tmp@hlfcntr=\count185
\c@ifpos@cntr=\count186
\c@question=\count187
\c@partno=\count188
\c@subpart=\count189
\c@subsubpart=\count190
\c@choice=\count191
\c@numpoints=\count192
\c@numbonuspoints=\count193
\c@pointsof@thisquestion=\count194
\c@bonuspointsof@thisquestion=\count195
\c@numquestions=\count196
\c@numparts=\count197
\c@numsubparts=\count198
\c@numsubsubparts=\count199
\c@Curr@Page=\count266
\c@@pagepoints=\count267
\c@@pagebonuspoints=\count268
\c@pageof@pagepoints=\count269
\c@pageof@pagebonuspoints=\count270
\c@latest@points=\count271
\c@latest@bonuspoints=\count272
\pageinfo@commands=\toks17
\temp@toks=\toks18
\pagepoint@commands=\toks19
\point@toks=\toks20
\c@ques@object=\count273
\marginpointssep=\skip70
\rightpointsmargin=\skip71
\choice@toks=\toks21
\answerlinelength=\skip72
\answerskip=\skip73
\answerclearance=\skip74
\fillinlinelength=\skip75
\linefillheight=\skip76
\linefillthickness=\skip77
\dottedlinefillheight=\skip78
\gridsize=\skip79
\gridlinewidth=\skip80
\minboxheight=\skip81
\c@@iterator=\count274
\@cellwidth=\skip82
\c@tbl@points=\count275
\c@tbl@bonuspoints=\count276
\c@num@cols=\count277
\exam@box=\box45
\saved@totalleftmargin=\dimen143
\@sollistdepth=\count278
\FrameRule=\dimen144
\FrameSep=\dimen145
)
(/usr/local/texlive/2020/texmf-dist/tex/generic/ulem/ulem.sty
\UL@box=\box46
\UL@hyphenbox=\box47
\UL@skip=\skip83
\UL@hook=\toks22
\UL@height=\dimen146
\UL@pe=\count279
\UL@pixel=\dimen147
\ULC@box=\box48
Package: ulem 2019/11/18
\ULdepth=\dimen148
)
(/usr/local/texlive/2020/texmf-dist/tex/latex/enumitem/enumitem.sty
Package: enumitem 2019/06/20 v3.9 Customized lists
\labelindent=\skip84
\enit@outerparindent=\dimen149
\enit@toks=\toks23
\enit@inbox=\box49
\enit@count@id=\count280
\enitdp@description=\count281
)
(/usr/local/texlive/2020/texmf-dist/tex/latex/amsmath/amstext.sty
Package: amstext 2000/06/29 v2.01 AMS text

(/usr/local/texlive/2020/texmf-dist/tex/latex/amsmath/amsgen.sty
File: amsgen.sty 1999/11/30 v2.0 generic functions
\@emptytoks=\toks24
\ex@=\dimen150
))
(/usr/local/texlive/2020/texmf-dist/tex/latex/l3backend/l3backend-pdfmode.def
File: l3backend-pdfmode.def 2020-03-12 L3 backend support: PDF mode
\l__kernel_color_stack_int=\count282
\l__pdf_internal_box=\box50
)
(./aa_hw_2.aux)
\openout1 = `aa_hw_2.aux'.

LaTeX Font Info:    Checking defaults for OML/cmm/m/it on input line 50.
LaTeX Font Info:    ... okay on input line 50.
LaTeX Font Info:    Checking defaults for OMS/cmsy/m/n on input line 50.
LaTeX Font Info:    ... okay on input line 50.
LaTeX Font Info:    Checking defaults for OT1/cmr/m/n on input line 50.
LaTeX Font Info:    ... okay on input line 50.
LaTeX Font Info:    Checking defaults for T1/cmr/m/n on input line 50.
LaTeX Font Info:    ... okay on input line 50.
LaTeX Font Info:    Checking defaults for TS1/cmr/m/n on input line 50.
LaTeX Font Info:    ... okay on input line 50.
LaTeX Font Info:    Checking defaults for OMX/cmex/m/n on input line 50.
LaTeX Font Info:    ... okay on input line 50.
LaTeX Font Info:    Checking defaults for U/cmr/m/n on input line 50.
LaTeX Font Info:    ... okay on input line 50.

*geometry* driver: auto-detecting
*geometry* detected driver: pdftex
*geometry* verbose mode - [ preamble ] result:
* driver: pdftex
* paper: <default>
* layout: <same size as paper>
* layoutoffset:(h,v)=(0.0pt,0.0pt)
* modes: 
* h-part:(L,W,R)=(72.26999pt, 469.75502pt, 72.26999pt)
* v-part:(T,H,B)=(72.26999pt, 650.43001pt, 72.26999pt)
* \paperwidth=614.295pt
* \paperheight=794.96999pt
* \textwidth=469.75502pt
* \textheight=650.43001pt
* \oddsidemargin=0.0pt
* \evensidemargin=0.0pt
* \topmargin=-30.0pt
* \headheight=15.0pt
* \headsep=15.0pt
* \topskip=11.0pt
* \footskip=29.0pt
* \marginparwidth=36.135pt
* \marginparsep=5.0pt
* \columnsep=10.0pt
* \skip\footins=10.0pt plus 4.0pt minus 2.0pt
* \hoffset=0.0pt
* \voffset=0.0pt
* \mag=1000
* \@twocolumnfalse
* \@twosidefalse
* \@mparswitchfalse
* \@reversemarginfalse
* (1in=72.27pt=25.4mm, 1cm=28.453pt)

LaTeX Font Info:    External font `cmex10' loaded for size
(Font)              <10.95> on input line 77.
LaTeX Font Info:    External font `cmex10' loaded for size
(Font)              <8> on input line 77.
LaTeX Font Info:    External font `cmex10' loaded for size
(Font)              <6> on input line 77.

Underfull \hbox (badness 10000) in paragraph at lines 92--96

 []


Underfull \hbox (badness 10000) in paragraph at lines 97--99

 []

[1

{/usr/local/texlive/2020/texmf-var/fonts/map/pdftex/updmap/pdftex.map}]
Underfull \hbox (badness 10000) in paragraph at lines 119--121

 []


Underfull \hbox (badness 10000) in paragraph at lines 122--127

 []


Underfull \hbox (badness 10000) in paragraph at lines 128--132

 []

[2]
Underfull \hbox (badness 10000) in paragraph at lines 154--168

 []

[3]
Underfull \hbox (badness 10000) in paragraph at lines 198--218

 []

[4] [5] [6]
Overfull \hbox (14.64297pt too wide) in paragraph at lines 317--318
[]\OT1/cmr/m/n/10.95 Since f(n) or g(n) will have to be our right side func-tio
n, we know that:$\OML/cmm/m/it/10.95 f\OT1/cmr/m/n/10.95 (\OML/cmm/m/it/10.95 n
\OT1/cmr/m/n/10.95 ) + \OML/cmm/m/it/10.95 g\OT1/cmr/m/n/10.95 (\OML/cmm/m/it/1
0.95 n\OT1/cmr/m/n/10.95 )\OML/cmm/m/it/10.95 ^^OO\OT1/cmr/m/n/10.95 (\OML/cmm/
m/it/10.95 f\OT1/cmr/m/n/10.95 (\OML/cmm/m/it/10.95 n\OT1/cmr/m/n/10.95 )\OML/c
mm/m/it/10.95 ; g\OT1/cmr/m/n/10.95 (\OML/cmm/m/it/10.95 n\OT1/cmr/m/n/10.95 ))
$ 
 []


Underfull \hbox (badness 10000) in paragraph at lines 317--318

 []


Underfull \hbox (badness 10000) in paragraph at lines 319--320

 []

[7]
This exam contains 7 questions with 7 parts, 0 subparts, and 0 subsubparts.
This exam has a total of 60 points.
This exam has a total of 0 bonus points.
(./aa_hw_2.aux) ) 
Here is how much of TeX's memory you used:
 2545 strings out of 480608
 36649 string characters out of 5903631
 295576 words of memory out of 5000000
 18467 multiletter control sequences out of 15000+600000
 536264 words of font info for 38 fonts, out of 8000000 for 9000
 1141 hyphenation exceptions out of 8191
 30i,9n,45p,183b,329s stack positions out of 5000i,500n,10000p,200000b,80000s
</usr/local/texlive/2020/texmf-dist/fonts/type1/public/amsfont
s/cm/cmbx10.pfb></usr/local/texlive/2020/texmf-dist/fonts/type1/public/amsfonts
/cm/cmbx12.pfb></usr/local/texlive/2020/texmf-dist/fonts/type1/public/amsfonts/
cm/cmmi10.pfb></usr/local/texlive/2020/texmf-dist/fonts/type1/public/amsfonts/c
m/cmmi8.pfb></usr/local/texlive/2020/texmf-dist/fonts/type1/public/amsfonts/cm/
cmr10.pfb></usr/local/texlive/2020/texmf-dist/fonts/type1/public/amsfonts/cm/cm
r8.pfb></usr/local/texlive/2020/texmf-dist/fonts/type1/public/amsfonts/cm/cmsy1
0.pfb></usr/local/texlive/2020/texmf-dist/fonts/type1/public/amsfonts/cm/cmtt10
.pfb>
Output written on aa_hw_2.pdf (7 pages, 106693 bytes).
PDF statistics:
 60 PDF objects out of 1000 (max. 8388607)
 42 compressed objects within 1 object stream
 0 named destinations out of 1000 (max. 500000)
 1 words of extra memory for PDF output out of 10000 (max. 10000000)

